<?xml version="1.0" encoding="UTF-8"?>
<testsuite xmlns:xsi="http://www.w3.org/2001/XMLSchema-instance" xsi:noNamespaceSchemaLocation="https://maven.apache.org/surefire/maven-surefire-plugin/xsd/surefire-test-report-3.0.xsd" version="3.0" name="edu.lehigh.cse216.cck226.backend.DataRowTest" time="0.063" tests="2" errors="0" skipped="0" failures="0">
  <properties>
[...]
</properties>
  <testcase name="testConstructor" classname="edu.lehigh.cse216.cck226.backend.DataRowTest" time="0.004"/>
  <testcase name="testCopyconstructor" classname="edu.lehigh.cse216.cck226.backend.DataRowTest" time="0.0"/>
</testsuite>